<?xml version="1.0" encoding="UTF-8"?>
<testng-results ignored="0" total="1" passed="1" failed="0" skipped="0">
  <reporter-output>
  </reporter-output>
  <suite started-at="2024-01-11T15:51:52 IST" name="Default suite" finished-at="2024-01-11T15:51:56 IST" duration-ms="3834">
    <groups>
    </groups>
    <test started-at="2024-01-11T15:51:52 IST" name="Default test" finished-at="2024-01-11T15:51:56 IST" duration-ms="3834">
      <class name="maven_project.AKB_Login">
        <test-method signature="browser()[pri:0, instance:maven_project.AKB_Login@18df8434]" started-at="2024-01-11T15:51:52 IST" name="browser" description="Lauching the Browser" finished-at="2024-01-11T15:51:56 IST" duration-ms="3790" status="PASS">
          <reporter-output>
          </reporter-output>
        </test-method> <!-- browser -->
      </class> <!-- maven_project.AKB_Login -->
    </test> <!-- Default test -->
  </suite> <!-- Default suite -->
</testng-results>
