<?xml version="1.0" encoding="UTF-8"?>
<testng-results ignored="0" total="1" passed="1" failed="0" skipped="0">
  <reporter-output>
  </reporter-output>
  <suite started-at="2023-12-26T18:58:27 IST" name="Default suite" finished-at="2023-12-26T18:58:31 IST" duration-ms="3529">
    <groups>
    </groups>
    <test started-at="2023-12-26T18:58:27 IST" name="Default test" finished-at="2023-12-26T18:58:31 IST" duration-ms="3529">
      <class name="maven_project.AKB_Login">
        <test-method signature="browser()[pri:0, instance:maven_project.AKB_Login@1e1a0406]" started-at="2023-12-26T18:58:27 IST" name="browser" description="Lauching the Browser" finished-at="2023-12-26T18:58:31 IST" duration-ms="3480" status="PASS">
          <reporter-output>
          </reporter-output>
        </test-method> <!-- browser -->
      </class> <!-- maven_project.AKB_Login -->
    </test> <!-- Default test -->
  </suite> <!-- Default suite -->
</testng-results>
